#
# There is insufficient memory for the Java Runtime Environment to continue.
# Native memory allocation (malloc) failed to allocate 1037536 bytes. Error detail: Chunk::new
# Possible reasons:
#   The system is out of physical RAM or swap space
#   This process is running with CompressedOops enabled, and the Java Heap may be blocking the growth of the native heap
# Possible solutions:
#   Reduce memory load on the system
#   Increase physical memory or swap space
#   Check if swap backing store is full
#   Decrease Java heap size (-Xmx/-Xms)
#   Decrease number of Java threads
#   Decrease Java thread stack sizes (-Xss)
#   Set larger code cache with -XX:ReservedCodeCacheSize=
#   JVM is running with Unscaled Compressed Oops mode in which the Java heap is
#     placed in the first 4GB address space. The Java Heap base address is the
#     maximum limit for the native heap growth. Please use -XX:HeapBaseMinAddress
#     to set the Java Heap base and to place the Java Heap above 4GB virtual address.
# This output file may be truncated or incomplete.
#
#  Out of Memory Error (arena.cpp:191), pid=14256, tid=19868
#
# JRE version: OpenJDK Runtime Environment Temurin-17.0.12+7 (17.0.12+7) (build 17.0.12+7)
# Java VM: OpenJDK 64-Bit Server VM Temurin-17.0.12+7 (17.0.12+7, mixed mode, tiered, compressed oops, compressed class ptrs, parallel gc, windows-amd64)
# No core dump will be written. Minidumps are not enabled by default on client versions of Windows
#

---------------  S U M M A R Y ------------

Command Line: --add-modules=ALL-SYSTEM --add-opens=java.base/java.util=ALL-UNNAMED --add-opens=java.base/java.lang=ALL-UNNAMED --add-opens=java.base/sun.nio.fs=ALL-UNNAMED -Declipse.application=org.eclipse.jdt.ls.core.id1 -Dosgi.bundles.defaultStartLevel=4 -Declipse.product=org.eclipse.jdt.ls.core.product -Djava.import.generatesMetadataFilesAtProjectRoot=false -DDetectVMInstallationsJob.disabled=true -Dfile.encoding=utf8 -XX:+UseParallelGC -XX:GCTimeRatio=4 -XX:AdaptiveSizePolicyWeight=90 -Dsun.zip.disableMemoryMapping=true -Xmx1G -Xms100m -Xlog:disable -javaagent:c:\Users\merlince\.vscode\extensions\redhat.java-1.34.0-win32-x64\lombok\lombok-1.18.33.jar -XX:+HeapDumpOnOutOfMemoryError -XX:HeapDumpPath=c:\Users\merlince\AppData\Roaming\Code\User\workspaceStorage\a0344694cc56c3b06597aea716215108\redhat.java -Daether.dependencyCollector.impl=bf c:\Users\merlince\.vscode\extensions\redhat.java-1.34.0-win32-x64\server\plugins\org.eclipse.equinox.launcher_1.6.900.v20240613-2009.jar -configuration c:\Users\merlince\AppData\Roaming\Code\User\globalStorage\redhat.java\1.34.0\config_win -data c:\Users\merlince\AppData\Roaming\Code\User\workspaceStorage\a0344694cc56c3b06597aea716215108\redhat.java\jdt_ws --pipe=\\.\pipe\lsp-4d4cef534b6b90d14d317dd13f42ce87-sock

Host: 11th Gen Intel(R) Core(TM) i5-1135G7 @ 2.40GHz, 8 cores, 7G,  Windows 11 , 64 bit Build 22621 (10.0.22621.3958)
Time: Thu Sep 19 20:42:16 2024 SE Asia Standard Time elapsed time: 59.032323 seconds (0d 0h 0m 59s)

---------------  T H R E A D  ---------------

Current thread (0x0000023d78b2cac0):  JavaThread "C2 CompilerThread0" daemon [_thread_in_native, id=19868, stack(0x0000008839d00000,0x0000008839e00000)]


Current CompileTask:
C2:  59032 9989   !   4       org.eclipse.osgi.internal.loader.classpath.ClasspathManager::defineClass (636 bytes)

Stack: [0x0000008839d00000,0x0000008839e00000]
Native frames: (J=compiled Java code, j=interpreted, Vv=VM code, C=native code)
V  [jvm.dll+0x67f929]
V  [jvm.dll+0x8371ba]
V  [jvm.dll+0x838c7e]
V  [jvm.dll+0x8392e3]
V  [jvm.dll+0x24834f]
V  [jvm.dll+0xac9d4]
V  [jvm.dll+0xad01c]
V  [jvm.dll+0x2af96f]
V  [jvm.dll+0x5868d7]
V  [jvm.dll+0x2231c2]
V  [jvm.dll+0x2235bf]
V  [jvm.dll+0x21c6e0]
V  [jvm.dll+0x219be1]
V  [jvm.dll+0x1a58bd]
V  [jvm.dll+0x229a2d]
V  [jvm.dll+0x227bdc]
V  [jvm.dll+0x7ec1f7]
V  [jvm.dll+0x7e65dc]
V  [jvm.dll+0x67e7f7]
C  [ucrtbase.dll+0x29333]
C  [KERNEL32.DLL+0x1257d]
C  [ntdll.dll+0x5af28]


---------------  P R O C E S S  ---------------

Threads class SMR info:
_java_thread_list=0x0000023d7a668690, length=49, elements={
0x0000023d6ec14e40, 0x0000023d73a90fb0, 0x0000023d73a91a80, 0x0000023d73a98c60,
0x0000023d73a99530, 0x0000023d73a9a7a0, 0x0000023d73a9d9c0, 0x0000023d78b2cac0,
0x0000023d78b304a0, 0x0000023d78b31d30, 0x0000023d78bbd3a0, 0x0000023d78e3e650,
0x0000023d7a281f70, 0x0000023d7a282ea0, 0x0000023d7a2842e0, 0x0000023d7a282990,
0x0000023d7a2833b0, 0x0000023d7a2847f0, 0x0000023d7a283dd0, 0x0000023d7a281a60,
0x0000023d7a898860, 0x0000023d7a895fe0, 0x0000023d7a897930, 0x0000023d7a896a00,
0x0000023d7a898d70, 0x0000023d7a89c010, 0x0000023d7a89cf40, 0x0000023d7a899ca0,
0x0000023d7a89ca30, 0x0000023d7a897e40, 0x0000023d7a898350, 0x0000023d7a89c520,
0x0000023d7a89d450, 0x0000023d7a89d960, 0x0000023d7a89a6c0, 0x0000023d7a8964f0,
0x0000023d7a897420, 0x0000023d7a899790, 0x0000023d7a89a1b0, 0x0000023d7a89b0e0,
0x0000023d7a281550, 0x0000023d7c2f9300, 0x0000023d7c2f9d20, 0x0000023d7c2fac50,
0x0000023d7c2f9810, 0x0000023d7c2f88e0, 0x0000023d7c2fd4d0, 0x0000023d7c2fa230,
0x0000023d7c2f6060
}

Java Threads: ( => current thread )
  0x0000023d6ec14e40 JavaThread "main" [_thread_blocked, id=4520, stack(0x0000008839300000,0x0000008839400000)]
  0x0000023d73a90fb0 JavaThread "Reference Handler" daemon [_thread_blocked, id=14652, stack(0x0000008839600000,0x0000008839700000)]
  0x0000023d73a91a80 JavaThread "Finalizer" daemon [_thread_blocked, id=33584, stack(0x0000008839700000,0x0000008839800000)]
  0x0000023d73a98c60 JavaThread "Signal Dispatcher" daemon [_thread_blocked, id=39464, stack(0x0000008839900000,0x0000008839a00000)]
  0x0000023d73a99530 JavaThread "Attach Listener" daemon [_thread_blocked, id=56148, stack(0x0000008839a00000,0x0000008839b00000)]
  0x0000023d73a9a7a0 JavaThread "Service Thread" daemon [_thread_blocked, id=42604, stack(0x0000008839b00000,0x0000008839c00000)]
  0x0000023d73a9d9c0 JavaThread "Monitor Deflation Thread" daemon [_thread_blocked, id=14768, stack(0x0000008839c00000,0x0000008839d00000)]
=>0x0000023d78b2cac0 JavaThread "C2 CompilerThread0" daemon [_thread_in_native, id=19868, stack(0x0000008839d00000,0x0000008839e00000)]
  0x0000023d78b304a0 JavaThread "C1 CompilerThread0" daemon [_thread_blocked, id=57276, stack(0x0000008839e00000,0x0000008839f00000)]
  0x0000023d78b31d30 JavaThread "Sweeper thread" daemon [_thread_blocked, id=9052, stack(0x0000008839f00000,0x000000883a000000)]
  0x0000023d78bbd3a0 JavaThread "Common-Cleaner" daemon [_thread_blocked, id=49280, stack(0x000000883a000000,0x000000883a100000)]
  0x0000023d78e3e650 JavaThread "Notification Thread" daemon [_thread_blocked, id=26280, stack(0x000000883a200000,0x000000883a300000)]
  0x0000023d7a281f70 JavaThread "Active Thread: Equinox Container: 04c839fb-fe01-4a95-a4e3-f2df5ca94a6f" [_thread_blocked, id=10852, stack(0x000000883ab00000,0x000000883ac00000)]
  0x0000023d7a282ea0 JavaThread "Framework Event Dispatcher: Equinox Container: 04c839fb-fe01-4a95-a4e3-f2df5ca94a6f" daemon [_thread_blocked, id=4828, stack(0x000000883ac00000,0x000000883ad00000)]
  0x0000023d7a2842e0 JavaThread "Start Level: Equinox Container: 04c839fb-fe01-4a95-a4e3-f2df5ca94a6f" daemon [_thread_blocked, id=12704, stack(0x000000883ad00000,0x000000883ae00000)]
  0x0000023d7a282990 JavaThread "Bundle File Closer" daemon [_thread_blocked, id=9056, stack(0x000000883ae00000,0x000000883af00000)]
  0x0000023d7a2833b0 JavaThread "SCR Component Actor" daemon [_thread_blocked, id=17624, stack(0x000000883af00000,0x000000883b000000)]
  0x0000023d7a2847f0 JavaThread "Worker-JM" [_thread_blocked, id=15136, stack(0x000000883b100000,0x000000883b200000)]
  0x0000023d7a283dd0 JavaThread "JNA Cleaner" daemon [_thread_blocked, id=46404, stack(0x000000883b200000,0x000000883b300000)]
  0x0000023d7a281a60 JavaThread "Worker-0: Classpath Update Job" [_thread_blocked, id=34964, stack(0x000000883b300000,0x000000883b400000)]
  0x0000023d7a898860 JavaThread "Worker-1: Initialize workspace" [_thread_blocked, id=28424, stack(0x000000883b400000,0x000000883b500000)]
  0x0000023d7a895fe0 JavaThread "Java indexing" daemon [_thread_blocked, id=29328, stack(0x000000883b500000,0x000000883b600000)]
  0x0000023d7a897930 JavaThread "Worker-2" [_thread_blocked, id=29060, stack(0x000000883b600000,0x000000883b700000)]
  0x0000023d7a896a00 JavaThread "Thread-2" daemon [_thread_in_native, id=54160, stack(0x000000883b700000,0x000000883b800000)]
  0x0000023d7a898d70 JavaThread "Thread-3" daemon [_thread_in_native, id=37800, stack(0x000000883b800000,0x000000883b900000)]
  0x0000023d7a89c010 JavaThread "Thread-4" daemon [_thread_in_native, id=45720, stack(0x000000883b900000,0x000000883ba00000)]
  0x0000023d7a89cf40 JavaThread "Thread-5" daemon [_thread_in_native, id=22904, stack(0x000000883ba00000,0x000000883bb00000)]
  0x0000023d7a899ca0 JavaThread "Thread-6" daemon [_thread_in_native, id=4288, stack(0x000000883bb00000,0x000000883bc00000)]
  0x0000023d7a89ca30 JavaThread "Thread-7" daemon [_thread_in_native, id=47560, stack(0x000000883bc00000,0x000000883bd00000)]
  0x0000023d7a897e40 JavaThread "Thread-8" daemon [_thread_in_native, id=42204, stack(0x000000883bd00000,0x000000883be00000)]
  0x0000023d7a898350 JavaThread "Thread-9" daemon [_thread_in_native, id=21656, stack(0x000000883be00000,0x000000883bf00000)]
  0x0000023d7a89c520 JavaThread "Thread-10" daemon [_thread_in_native, id=53616, stack(0x000000883bf00000,0x000000883c000000)]
  0x0000023d7a89d450 JavaThread "pool-2-thread-1" [_thread_blocked, id=27212, stack(0x000000883c000000,0x000000883c100000)]
  0x0000023d7a89d960 JavaThread "WorkspaceEventsHandler" [_thread_blocked, id=27896, stack(0x000000883c100000,0x000000883c200000)]
  0x0000023d7a89a6c0 JavaThread "pool-1-thread-1" [_thread_blocked, id=33648, stack(0x000000883c200000,0x000000883c300000)]
  0x0000023d7a8964f0 JavaThread "Worker-3" [_thread_blocked, id=44916, stack(0x000000883c300000,0x000000883c400000)]
  0x0000023d7a897420 JavaThread "ForkJoinPool.commonPool-worker-1" daemon [_thread_blocked, id=1112, stack(0x000000883c400000,0x000000883c500000)]
  0x0000023d7a899790 JavaThread "Worker-4" [_thread_blocked, id=8368, stack(0x000000883b000000,0x000000883b100000)]
  0x0000023d7a89a1b0 JavaThread "Worker-5" [_thread_blocked, id=32088, stack(0x000000883c500000,0x000000883c600000)]
  0x0000023d7a89b0e0 JavaThread "Worker-6" [_thread_blocked, id=32384, stack(0x000000883c600000,0x000000883c700000)]
  0x0000023d7a281550 JavaThread "ForkJoinPool.commonPool-worker-2" daemon [_thread_blocked, id=23272, stack(0x000000883c800000,0x000000883c900000)]
  0x0000023d7c2f9300 JavaThread "ForkJoinPool.commonPool-worker-3" daemon [_thread_blocked, id=17628, stack(0x000000883c900000,0x000000883ca00000)]
  0x0000023d7c2f9d20 JavaThread "ForkJoinPool.commonPool-worker-4" daemon [_thread_blocked, id=27948, stack(0x000000883c700000,0x000000883c800000)]
  0x0000023d7c2fac50 JavaThread "ParallelDescriptorResolver-0-0" daemon [_thread_blocked, id=42816, stack(0x000000883ca00000,0x000000883cb00000)]
  0x0000023d7c2f9810 JavaThread "ParallelDescriptorResolver-0-1" daemon [_thread_blocked, id=51248, stack(0x000000883cb00000,0x000000883cc00000)]
  0x0000023d7c2f88e0 JavaThread "ParallelDescriptorResolver-0-2" daemon [_thread_in_native, id=37792, stack(0x000000883cc00000,0x000000883cd00000)]
  0x0000023d7c2fd4d0 JavaThread "ParallelDescriptorResolver-0-3" daemon [_thread_blocked, id=35212, stack(0x000000883cd00000,0x000000883ce00000)]
  0x0000023d7c2fa230 JavaThread "ParallelDescriptorResolver-0-4" daemon [_thread_in_native, id=41712, stack(0x000000883ce00000,0x000000883cf00000)]
  0x0000023d7c2f6060 JavaThread "ForkJoinPool.commonPool-worker-5" daemon [_thread_blocked, id=50196, stack(0x000000883cf00000,0x000000883d000000)]

Other Threads:
  0x0000023d78b014b0 VMThread "VM Thread" [stack: 0x0000008839500000,0x0000008839600000] [id=47164]
  0x0000023d78e3eb30 WatcherThread [stack: 0x000000883a300000,0x000000883a400000] [id=30904]
  0x0000023d6ec2a2e0 GCTaskThread "GC Thread#0" [stack: 0x0000008839400000,0x0000008839500000] [id=30048]
  0x0000023d7a685d10 GCTaskThread "GC Thread#1" [stack: 0x000000883a400000,0x000000883a500000] [id=52980]
  0x0000023d79f8f740 GCTaskThread "GC Thread#2" [stack: 0x000000883a500000,0x000000883a600000] [id=55692]
  0x0000023d7a4697c0 GCTaskThread "GC Thread#3" [stack: 0x000000883a600000,0x000000883a700000] [id=33508]
  0x0000023d7a02a450 GCTaskThread "GC Thread#4" [stack: 0x000000883a700000,0x000000883a800000] [id=45432]
  0x0000023d7a02a710 GCTaskThread "GC Thread#5" [stack: 0x000000883a800000,0x000000883a900000] [id=30600]
  0x0000023d7a02a9d0 GCTaskThread "GC Thread#6" [stack: 0x000000883a900000,0x000000883aa00000] [id=23448]
  0x0000023d7a3849e0 GCTaskThread "GC Thread#7" [stack: 0x000000883a100000,0x000000883a200000] [id=54988]

Threads with active compile tasks:
C2 CompilerThread0    59108 9989   !   4       org.eclipse.osgi.internal.loader.classpath.ClasspathManager::defineClass (636 bytes)
C1 CompilerThread0    59108 10071       2       org.eclipse.jdt.internal.compiler.parser.Scanner::getNextToken (182 bytes)

VM state: not at safepoint (normal execution)

VM Mutex/Monitor currently owned by a thread: None

Heap address: 0x00000000c0000000, size: 1024 MB, Compressed Oops mode: 32-bit

CDS archive(s) not mapped
Compressed class space mapped at: 0x0000000100000000-0x0000000140000000, reserved size: 1073741824
Narrow klass base: 0x0000000000000000, Narrow klass shift: 3, Narrow klass range: 0x140000000

GC Precious Log:
 CPUs: 8 total, 8 available
 Memory: 7991M
 Large Page Support: Disabled
 NUMA Support: Disabled
 Compressed Oops: Enabled (32-bit)
 Alignments: Space 512K, Generation 512K, Heap 2M
 Heap Min Capacity: 100M
 Heap Initial Capacity: 100M
 Heap Max Capacity: 1G
 Pre-touch: Disabled
 Parallel Workers: 8

Heap:
 PSYoungGen      total 12288K, used 5012K [0x00000000eab00000, 0x00000000ebf00000, 0x0000000100000000)
  eden space 5632K, 2% used [0x00000000eab00000,0x00000000eab23600,0x00000000eb080000)
  from space 6656K, 73% used [0x00000000eb080000,0x00000000eb541a58,0x00000000eb700000)
  to   space 7168K, 0% used [0x00000000eb800000,0x00000000eb800000,0x00000000ebf00000)
 ParOldGen       total 323584K, used 293558K [0x00000000c0000000, 0x00000000d3c00000, 0x00000000eab00000)
  object space 323584K, 90% used [0x00000000c0000000,0x00000000d1ead998,0x00000000d3c00000)
 Metaspace       used 66015K, committed 67328K, reserved 1114112K
  class space    used 7050K, committed 7616K, reserved 1048576K

Card table byte_map: [0x0000023d6e5a0000,0x0000023d6e7b0000] _byte_map_base: 0x0000023d6dfa0000

Marking Bits: (ParMarkBitMap*) 0x00007fff0ba858b0
 Begin Bits: [0x0000023d718a0000, 0x0000023d728a0000)
 End Bits:   [0x0000023d728a0000, 0x0000023d738a0000)

Polling page: 0x0000023d6cb40000

Metaspace:

Usage:
  Non-class:     57.58 MB used.
      Class:      6.89 MB used.
       Both:     64.47 MB used.

Virtual space:
  Non-class space:       64.00 MB reserved,      58.31 MB ( 91%) committed,  1 nodes.
      Class space:        1.00 GB reserved,       7.44 MB ( <1%) committed,  1 nodes.
             Both:        1.06 GB reserved,      65.75 MB (  6%) committed. 

Chunk freelists:
   Non-Class:  5.38 MB
       Class:  8.38 MB
        Both:  13.75 MB

MaxMetaspaceSize: unlimited
CompressedClassSpaceSize: 1.00 GB
Initial GC threshold: 21.00 MB
Current GC threshold: 107.75 MB
CDS: off
MetaspaceReclaimPolicy: balanced
 - commit_granule_bytes: 65536.
 - commit_granule_words: 8192.
 - virtual_space_node_default_size: 8388608.
 - enlarge_chunks_in_place: 1.
 - new_chunks_are_fully_committed: 0.
 - uncommit_free_chunks: 1.
 - use_allocation_guard: 0.
 - handle_deallocations: 1.


Internal statistics:

num_allocs_failed_limit: 9.
num_arena_births: 922.
num_arena_deaths: 36.
num_vsnodes_births: 2.
num_vsnodes_deaths: 0.
num_space_committed: 1052.
num_space_uncommitted: 0.
num_chunks_returned_to_freelist: 55.
num_chunks_taken_from_freelist: 3756.
num_chunk_merges: 14.
num_chunk_splits: 2248.
num_chunks_enlarged: 1211.
num_inconsistent_stats: 0.

CodeHeap 'non-profiled nmethods': size=120000Kb used=5145Kb max_used=5145Kb free=114854Kb
 bounds [0x0000023d07ad0000, 0x0000023d07fe0000, 0x0000023d0f000000]
CodeHeap 'profiled nmethods': size=120000Kb used=16286Kb max_used=16286Kb free=103713Kb
 bounds [0x0000023d00000000, 0x0000023d01000000, 0x0000023d07530000]
CodeHeap 'non-nmethods': size=5760Kb used=1372Kb max_used=1423Kb free=4387Kb
 bounds [0x0000023d07530000, 0x0000023d077a0000, 0x0000023d07ad0000]
 total_blobs=9091 nmethods=8382 adapters=622
 compilation: enabled
              stopped_count=0, restarted_count=0
 full_count=0

Compilation events (20 events):
Event: 58.983 Thread 0x0000023d78b304a0 10051       2       sun.nio.ch.FileDispatcherImpl::release (8 bytes)
Event: 58.983 Thread 0x0000023d78b304a0 nmethod 10051 0x0000023d00cbd010 code [0x0000023d00cbd1a0, 0x0000023d00cbd2c8]
Event: 58.988 Thread 0x0000023d78b304a0 10053       2       org.apache.maven.model.Reporting::<init> (5 bytes)
Event: 58.988 Thread 0x0000023d78b304a0 nmethod 10053 0x0000023d009f6990 code [0x0000023d009f6b20, 0x0000023d009f6c18]
Event: 58.988 Thread 0x0000023d78b304a0 10054       1       org.apache.maven.model.ReportPlugin::setVersion (6 bytes)
Event: 58.989 Thread 0x0000023d78b304a0 nmethod 10054 0x0000023d07fd5d90 code [0x0000023d07fd5f20, 0x0000023d07fd5ff8]
Event: 58.989 Thread 0x0000023d78b304a0 10055       2       org.apache.maven.model.merge.ModelMerger::mergeModel (208 bytes)
Event: 58.990 Thread 0x0000023d78b304a0 nmethod 10055 0x0000023d00cbc410 code [0x0000023d00cbc6c0, 0x0000023d00cbcca8]
Event: 58.990 Thread 0x0000023d78b304a0 10058       3       org.apache.maven.model.ModelBase::getProperties (23 bytes)
Event: 58.990 Thread 0x0000023d78b304a0 nmethod 10058 0x0000023d00cbbe90 code [0x0000023d00cbc040, 0x0000023d00cbc2c8]
Event: 58.990 Thread 0x0000023d78b304a0 10057       2       org.apache.maven.model.inheritance.DefaultInheritanceAssembler$InheritanceModelMerger::mergeReporting_Plugins (253 bytes)
Event: 58.992 Thread 0x0000023d78b304a0 nmethod 10057 0x0000023d00cba410 code [0x0000023d00cba780, 0x0000023d00cbb458]
Event: 58.992 Thread 0x0000023d78b304a0 10056       2       org.apache.maven.model.merge.ModelMerger::mergeReporting_OutputDirectory (43 bytes)
Event: 58.992 Thread 0x0000023d78b304a0 nmethod 10056 0x0000023d00cb9f10 code [0x0000023d00cba0c0, 0x0000023d00cba278]
Event: 58.992 Thread 0x0000023d78b304a0 10060       2       org.apache.maven.model.PluginManagement::<init> (5 bytes)
Event: 58.992 Thread 0x0000023d78b304a0 nmethod 10060 0x0000023d00cb9b90 code [0x0000023d00cb9d20, 0x0000023d00cb9e18]
Event: 58.993 Thread 0x0000023d78b304a0 10061       2       org.eclipse.jdt.internal.core.builder.ClasspathJar::listPackages (111 bytes)
Event: 58.994 Thread 0x0000023d78b304a0 nmethod 10061 0x0000023d00cb9110 code [0x0000023d00cb9320, 0x0000023d00cb9868]
Event: 58.997 Thread 0x0000023d78b304a0 10062       2       org.eclipse.jdt.internal.core.builder.ClasspathMultiReleaseJar::readJarContent (148 bytes)
Event: 59.001 Thread 0x0000023d78b304a0 nmethod 10062 0x0000023d00cb8490 code [0x0000023d00cb86e0, 0x0000023d00cb8c98]

GC Heap History (20 events):
Event: 58.278 GC heap before
{Heap before GC invocations=296 (full 12):
 PSYoungGen      total 14336K, used 13666K [0x00000000eab00000, 0x00000000ebf80000, 0x0000000100000000)
  eden space 8704K, 99% used [0x00000000eab00000,0x00000000eb379948,0x00000000eb380000)
  from space 5632K, 88% used [0x00000000eba00000,0x00000000ebedf188,0x00000000ebf80000)
  to   space 6144K, 0% used [0x00000000eb380000,0x00000000eb380000,0x00000000eb980000)
 ParOldGen       total 280576K, used 275337K [0x00000000c0000000, 0x00000000d1200000, 0x00000000eab00000)
  object space 280576K, 98% used [0x00000000c0000000,0x00000000d0ce27a8,0x00000000d1200000)
 Metaspace       used 64782K, committed 66176K, reserved 1114112K
  class space    used 6913K, committed 7488K, reserved 1048576K
}
Event: 58.281 GC heap after
{Heap after GC invocations=296 (full 12):
 PSYoungGen      total 14848K, used 5790K [0x00000000eab00000, 0x00000000ec080000, 0x0000000100000000)
  eden space 8704K, 0% used [0x00000000eab00000,0x00000000eab00000,0x00000000eb380000)
  from space 6144K, 94% used [0x00000000eb380000,0x00000000eb9278f8,0x00000000eb980000)
  to   space 6144K, 0% used [0x00000000eba80000,0x00000000eba80000,0x00000000ec080000)
 ParOldGen       total 280576K, used 277366K [0x00000000c0000000, 0x00000000d1200000, 0x00000000eab00000)
  object space 280576K, 98% used [0x00000000c0000000,0x00000000d0edd9a0,0x00000000d1200000)
 Metaspace       used 64782K, committed 66176K, reserved 1114112K
  class space    used 6913K, committed 7488K, reserved 1048576K
}
Event: 58.304 GC heap before
{Heap before GC invocations=297 (full 12):
 PSYoungGen      total 14848K, used 14494K [0x00000000eab00000, 0x00000000ec080000, 0x0000000100000000)
  eden space 8704K, 100% used [0x00000000eab00000,0x00000000eb380000,0x00000000eb380000)
  from space 6144K, 94% used [0x00000000eb380000,0x00000000eb9278f8,0x00000000eb980000)
  to   space 6144K, 0% used [0x00000000eba80000,0x00000000eba80000,0x00000000ec080000)
 ParOldGen       total 280576K, used 277366K [0x00000000c0000000, 0x00000000d1200000, 0x00000000eab00000)
  object space 280576K, 98% used [0x00000000c0000000,0x00000000d0edd9a0,0x00000000d1200000)
 Metaspace       used 64830K, committed 66176K, reserved 1114112K
  class space    used 6914K, committed 7488K, reserved 1048576K
}
Event: 58.308 GC heap after
{Heap after GC invocations=297 (full 12):
 PSYoungGen      total 11776K, used 6142K [0x00000000eab00000, 0x00000000ec880000, 0x0000000100000000)
  eden space 5632K, 0% used [0x00000000eab00000,0x00000000eab00000,0x00000000eb080000)
  from space 6144K, 99% used [0x00000000eba80000,0x00000000ec07f9b8,0x00000000ec080000)
  to   space 10240K, 0% used [0x00000000eb080000,0x00000000eb080000,0x00000000eba80000)
 ParOldGen       total 280576K, used 280443K [0x00000000c0000000, 0x00000000d1200000, 0x00000000eab00000)
  object space 280576K, 99% used [0x00000000c0000000,0x00000000d11dec48,0x00000000d1200000)
 Metaspace       used 64830K, committed 66176K, reserved 1114112K
  class space    used 6914K, committed 7488K, reserved 1048576K
}
Event: 58.308 GC heap before
{Heap before GC invocations=298 (full 13):
 PSYoungGen      total 11776K, used 6142K [0x00000000eab00000, 0x00000000ec880000, 0x0000000100000000)
  eden space 5632K, 0% used [0x00000000eab00000,0x00000000eab00000,0x00000000eb080000)
  from space 6144K, 99% used [0x00000000eba80000,0x00000000ec07f9b8,0x00000000ec080000)
  to   space 10240K, 0% used [0x00000000eb080000,0x00000000eb080000,0x00000000eba80000)
 ParOldGen       total 280576K, used 280443K [0x00000000c0000000, 0x00000000d1200000, 0x00000000eab00000)
  object space 280576K, 99% used [0x00000000c0000000,0x00000000d11dec48,0x00000000d1200000)
 Metaspace       used 64830K, committed 66176K, reserved 1114112K
  class space    used 6914K, committed 7488K, reserved 1048576K
}
Event: 58.663 GC heap after
{Heap after GC invocations=298 (full 13):
 PSYoungGen      total 11776K, used 1955K [0x00000000eab00000, 0x00000000ec580000, 0x0000000100000000)
  eden space 5632K, 0% used [0x00000000eab00000,0x00000000eab00000,0x00000000eb080000)
  from space 6144K, 31% used [0x00000000eba80000,0x00000000ebc68d40,0x00000000ec080000)
  to   space 10240K, 0% used [0x00000000eb080000,0x00000000eb080000,0x00000000eba80000)
 ParOldGen       total 323584K, used 280271K [0x00000000c0000000, 0x00000000d3c00000, 0x00000000eab00000)
  object space 323584K, 86% used [0x00000000c0000000,0x00000000d11b3ef0,0x00000000d3c00000)
 Metaspace       used 64830K, committed 66176K, reserved 1114112K
  class space    used 6914K, committed 7488K, reserved 1048576K
}
Event: 58.674 GC heap before
{Heap before GC invocations=299 (full 13):
 PSYoungGen      total 11776K, used 7587K [0x00000000eab00000, 0x00000000ec580000, 0x0000000100000000)
  eden space 5632K, 100% used [0x00000000eab00000,0x00000000eb080000,0x00000000eb080000)
  from space 6144K, 31% used [0x00000000eba80000,0x00000000ebc68d40,0x00000000ec080000)
  to   space 10240K, 0% used [0x00000000eb080000,0x00000000eb080000,0x00000000eba80000)
 ParOldGen       total 323584K, used 280271K [0x00000000c0000000, 0x00000000d3c00000, 0x00000000eab00000)
  object space 323584K, 86% used [0x00000000c0000000,0x00000000d11b3ef0,0x00000000d3c00000)
 Metaspace       used 64856K, committed 66240K, reserved 1114112K
  class space    used 6915K, committed 7488K, reserved 1048576K
}
Event: 58.703 GC heap after
{Heap after GC invocations=299 (full 13):
 PSYoungGen      total 8704K, used 2844K [0x00000000eab00000, 0x00000000ebc80000, 0x0000000100000000)
  eden space 5632K, 0% used [0x00000000eab00000,0x00000000eab00000,0x00000000eb080000)
  from space 3072K, 92% used [0x00000000eb080000,0x00000000eb347000,0x00000000eb380000)
  to   space 5632K, 0% used [0x00000000eb700000,0x00000000eb700000,0x00000000ebc80000)
 ParOldGen       total 323584K, used 281441K [0x00000000c0000000, 0x00000000d3c00000, 0x00000000eab00000)
  object space 323584K, 86% used [0x00000000c0000000,0x00000000d12d87e0,0x00000000d3c00000)
 Metaspace       used 64856K, committed 66240K, reserved 1114112K
  class space    used 6915K, committed 7488K, reserved 1048576K
}
Event: 58.747 GC heap before
{Heap before GC invocations=300 (full 13):
 PSYoungGen      total 8704K, used 8476K [0x00000000eab00000, 0x00000000ebc80000, 0x0000000100000000)
  eden space 5632K, 100% used [0x00000000eab00000,0x00000000eb080000,0x00000000eb080000)
  from space 3072K, 92% used [0x00000000eb080000,0x00000000eb347000,0x00000000eb380000)
  to   space 5632K, 0% used [0x00000000eb700000,0x00000000eb700000,0x00000000ebc80000)
 ParOldGen       total 323584K, used 281441K [0x00000000c0000000, 0x00000000d3c00000, 0x00000000eab00000)
  object space 323584K, 86% used [0x00000000c0000000,0x00000000d12d87e0,0x00000000d3c00000)
 Metaspace       used 64878K, committed 66240K, reserved 1114112K
  class space    used 6917K, committed 7488K, reserved 1048576K
}
Event: 58.751 GC heap after
{Heap after GC invocations=300 (full 13):
 PSYoungGen      total 11264K, used 4465K [0x00000000eab00000, 0x00000000ebb80000, 0x0000000100000000)
  eden space 6656K, 0% used [0x00000000eab00000,0x00000000eab00000,0x00000000eb180000)
  from space 4608K, 96% used [0x00000000eb700000,0x00000000ebb5c5e8,0x00000000ebb80000)
  to   space 5120K, 0% used [0x00000000eb180000,0x00000000eb180000,0x00000000eb680000)
 ParOldGen       total 323584K, used 281441K [0x00000000c0000000, 0x00000000d3c00000, 0x00000000eab00000)
  object space 323584K, 86% used [0x00000000c0000000,0x00000000d12d87e0,0x00000000d3c00000)
 Metaspace       used 64878K, committed 66240K, reserved 1114112K
  class space    used 6917K, committed 7488K, reserved 1048576K
}
Event: 58.837 GC heap before
{Heap before GC invocations=301 (full 13):
 PSYoungGen      total 11264K, used 11106K [0x00000000eab00000, 0x00000000ebb80000, 0x0000000100000000)
  eden space 6656K, 99% used [0x00000000eab00000,0x00000000eb17c340,0x00000000eb180000)
  from space 4608K, 96% used [0x00000000eb700000,0x00000000ebb5c5e8,0x00000000ebb80000)
  to   space 5120K, 0% used [0x00000000eb180000,0x00000000eb180000,0x00000000eb680000)
 ParOldGen       total 323584K, used 281441K [0x00000000c0000000, 0x00000000d3c00000, 0x00000000eab00000)
  object space 323584K, 86% used [0x00000000c0000000,0x00000000d12d87e0,0x00000000d3c00000)
 Metaspace       used 65308K, committed 66688K, reserved 1114112K
  class space    used 6969K, committed 7552K, reserved 1048576K
}
Event: 58.840 GC heap after
{Heap after GC invocations=301 (full 13):
 PSYoungGen      total 11776K, used 4933K [0x00000000eab00000, 0x00000000ebc00000, 0x0000000100000000)
  eden space 6656K, 0% used [0x00000000eab00000,0x00000000eab00000,0x00000000eb180000)
  from space 5120K, 96% used [0x00000000eb180000,0x00000000eb6514b0,0x00000000eb680000)
  to   space 5120K, 0% used [0x00000000eb700000,0x00000000eb700000,0x00000000ebc00000)
 ParOldGen       total 323584K, used 281441K [0x00000000c0000000, 0x00000000d3c00000, 0x00000000eab00000)
  object space 323584K, 86% used [0x00000000c0000000,0x00000000d12d87e0,0x00000000d3c00000)
 Metaspace       used 65308K, committed 66688K, reserved 1114112K
  class space    used 6969K, committed 7552K, reserved 1048576K
}
Event: 58.881 GC heap before
{Heap before GC invocations=302 (full 13):
 PSYoungGen      total 11776K, used 11587K [0x00000000eab00000, 0x00000000ebc00000, 0x0000000100000000)
  eden space 6656K, 99% used [0x00000000eab00000,0x00000000eb17fac0,0x00000000eb180000)
  from space 5120K, 96% used [0x00000000eb180000,0x00000000eb6514b0,0x00000000eb680000)
  to   space 5120K, 0% used [0x00000000eb700000,0x00000000eb700000,0x00000000ebc00000)
 ParOldGen       total 323584K, used 281441K [0x00000000c0000000, 0x00000000d3c00000, 0x00000000eab00000)
  object space 323584K, 86% used [0x00000000c0000000,0x00000000d12d87e0,0x00000000d3c00000)
 Metaspace       used 65447K, committed 66816K, reserved 1114112K
  class space    used 6998K, committed 7616K, reserved 1048576K
}
Event: 58.884 GC heap after
{Heap after GC invocations=302 (full 13):
 PSYoungGen      total 10752K, used 5101K [0x00000000eab00000, 0x00000000ebf00000, 0x0000000100000000)
  eden space 5632K, 0% used [0x00000000eab00000,0x00000000eab00000,0x00000000eb080000)
  from space 5120K, 99% used [0x00000000eb700000,0x00000000ebbfb498,0x00000000ebc00000)
  to   space 6656K, 0% used [0x00000000eb080000,0x00000000eb080000,0x00000000eb700000)
 ParOldGen       total 323584K, used 282624K [0x00000000c0000000, 0x00000000d3c00000, 0x00000000eab00000)
  object space 323584K, 87% used [0x00000000c0000000,0x00000000d1400280,0x00000000d3c00000)
 Metaspace       used 65447K, committed 66816K, reserved 1114112K
  class space    used 6998K, committed 7616K, reserved 1048576K
}
Event: 58.910 GC heap before
{Heap before GC invocations=303 (full 13):
 PSYoungGen      total 10752K, used 10733K [0x00000000eab00000, 0x00000000ebf00000, 0x0000000100000000)
  eden space 5632K, 100% used [0x00000000eab00000,0x00000000eb080000,0x00000000eb080000)
  from space 5120K, 99% used [0x00000000eb700000,0x00000000ebbfb498,0x00000000ebc00000)
  to   space 6656K, 0% used [0x00000000eb080000,0x00000000eb080000,0x00000000eb700000)
 ParOldGen       total 323584K, used 282624K [0x00000000c0000000, 0x00000000d3c00000, 0x00000000eab00000)
  object space 323584K, 87% used [0x00000000c0000000,0x00000000d1400280,0x00000000d3c00000)
 Metaspace       used 65498K, committed 66880K, reserved 1114112K
  class space    used 7004K, committed 7616K, reserved 1048576K
}
Event: 58.913 GC heap after
{Heap after GC invocations=303 (full 13):
 PSYoungGen      total 12288K, used 4973K [0x00000000eab00000, 0x00000000ebc80000, 0x0000000100000000)
  eden space 5632K, 0% used [0x00000000eab00000,0x00000000eab00000,0x00000000eb080000)
  from space 6656K, 74% used [0x00000000eb080000,0x00000000eb55b5f0,0x00000000eb700000)
  to   space 5632K, 0% used [0x00000000eb700000,0x00000000eb700000,0x00000000ebc80000)
 ParOldGen       total 323584K, used 284698K [0x00000000c0000000, 0x00000000d3c00000, 0x00000000eab00000)
  object space 323584K, 87% used [0x00000000c0000000,0x00000000d1606848,0x00000000d3c00000)
 Metaspace       used 65498K, committed 66880K, reserved 1114112K
  class space    used 7004K, committed 7616K, reserved 1048576K
}
Event: 58.971 GC heap before
{Heap before GC invocations=304 (full 13):
 PSYoungGen      total 12288K, used 10605K [0x00000000eab00000, 0x00000000ebc80000, 0x0000000100000000)
  eden space 5632K, 100% used [0x00000000eab00000,0x00000000eb080000,0x00000000eb080000)
  from space 6656K, 74% used [0x00000000eb080000,0x00000000eb55b5f0,0x00000000eb700000)
  to   space 5632K, 0% used [0x00000000eb700000,0x00000000eb700000,0x00000000ebc80000)
 ParOldGen       total 323584K, used 284698K [0x00000000c0000000, 0x00000000d3c00000, 0x00000000eab00000)
  object space 323584K, 87% used [0x00000000c0000000,0x00000000d1606848,0x00000000d3c00000)
 Metaspace       used 65511K, committed 66880K, reserved 1114112K
  class space    used 7005K, committed 7616K, reserved 1048576K
}
Event: 58.974 GC heap after
{Heap after GC invocations=304 (full 13):
 PSYoungGen      total 11264K, used 5620K [0x00000000eab00000, 0x00000000ebe00000, 0x0000000100000000)
  eden space 5632K, 0% used [0x00000000eab00000,0x00000000eab00000,0x00000000eb080000)
  from space 5632K, 99% used [0x00000000eb700000,0x00000000ebc7d398,0x00000000ebc80000)
  to   space 6656K, 0% used [0x00000000eb080000,0x00000000eb080000,0x00000000eb700000)
 ParOldGen       total 323584K, used 285387K [0x00000000c0000000, 0x00000000d3c00000, 0x00000000eab00000)
  object space 323584K, 88% used [0x00000000c0000000,0x00000000d16b2f90,0x00000000d3c00000)
 Metaspace       used 65511K, committed 66880K, reserved 1114112K
  class space    used 7005K, committed 7616K, reserved 1048576K
}
Event: 58.997 GC heap before
{Heap before GC invocations=305 (full 13):
 PSYoungGen      total 11264K, used 10866K [0x00000000eab00000, 0x00000000ebe00000, 0x0000000100000000)
  eden space 5632K, 93% used [0x00000000eab00000,0x00000000eb01f480,0x00000000eb080000)
  from space 5632K, 99% used [0x00000000eb700000,0x00000000ebc7d398,0x00000000ebc80000)
  to   space 6656K, 0% used [0x00000000eb080000,0x00000000eb080000,0x00000000eb700000)
 ParOldGen       total 323584K, used 285387K [0x00000000c0000000, 0x00000000d3c00000, 0x00000000eab00000)
  object space 323584K, 88% used [0x00000000c0000000,0x00000000d16b2f90,0x00000000d3c00000)
 Metaspace       used 65536K, committed 66944K, reserved 1114112K
  class space    used 7005K, committed 7616K, reserved 1048576K
}
Event: 58.999 GC heap after
{Heap after GC invocations=305 (full 13):
 PSYoungGen      total 12288K, used 5981K [0x00000000eab00000, 0x00000000ebd00000, 0x0000000100000000)
  eden space 5632K, 0% used [0x00000000eab00000,0x00000000eab00000,0x00000000eb080000)
  from space 6656K, 89% used [0x00000000eb080000,0x00000000eb6577c0,0x00000000eb700000)
  to   space 6144K, 0% used [0x00000000eb700000,0x00000000eb700000,0x00000000ebd00000)
 ParOldGen       total 323584K, used 286452K [0x00000000c0000000, 0x00000000d3c00000, 0x00000000eab00000)
  object space 323584K, 88% used [0x00000000c0000000,0x00000000d17bd3a0,0x00000000d3c00000)
 Metaspace       used 65536K, committed 66944K, reserved 1114112K
  class space    used 7005K, committed 7616K, reserved 1048576K
}

Dll operation events (10 events):
Event: 0.025 Loaded shared library c:\Users\merlince\.vscode\extensions\redhat.java-1.34.0-win32-x64\jre\17.0.12-win32-x86_64\bin\java.dll
Event: 0.177 Loaded shared library c:\Users\merlince\.vscode\extensions\redhat.java-1.34.0-win32-x64\jre\17.0.12-win32-x86_64\bin\zip.dll
Event: 0.180 Loaded shared library C:\Users\merlince\.vscode\extensions\redhat.java-1.34.0-win32-x64\jre\17.0.12-win32-x86_64\bin\instrument.dll
Event: 0.195 Loaded shared library C:\Users\merlince\.vscode\extensions\redhat.java-1.34.0-win32-x64\jre\17.0.12-win32-x86_64\bin\net.dll
Event: 0.197 Loaded shared library C:\Users\merlince\.vscode\extensions\redhat.java-1.34.0-win32-x64\jre\17.0.12-win32-x86_64\bin\nio.dll
Event: 0.204 Loaded shared library C:\Users\merlince\.vscode\extensions\redhat.java-1.34.0-win32-x64\jre\17.0.12-win32-x86_64\bin\zip.dll
Event: 0.218 Loaded shared library C:\Users\merlince\.vscode\extensions\redhat.java-1.34.0-win32-x64\jre\17.0.12-win32-x86_64\bin\jimage.dll
Event: 0.320 Loaded shared library c:\Users\merlince\.vscode\extensions\redhat.java-1.34.0-win32-x64\jre\17.0.12-win32-x86_64\bin\verify.dll
Event: 10.264 Loaded shared library C:\Users\merlince\AppData\Roaming\Code\User\globalStorage\redhat.java\1.34.0\config_win\org.eclipse.equinox.launcher\org.eclipse.equinox.launcher.win32.win32.x86_64_1.2.1100.v20240722-2106\eclipse_11904.dll
Event: 29.099 Loaded shared library C:\Users\merlince\AppData\Local\Temp\jna--496942823\jna16257930836579190244.dll

Deoptimization events (20 events):
Event: 58.782 Thread 0x0000023d7c2fa230 DEOPT PACKING pc=0x0000023d07fd2a58 sp=0x000000883cefdc10
Event: 58.782 Thread 0x0000023d7c2fa230 DEOPT UNPACKING pc=0x0000023d07589ea3 sp=0x000000883cefdbb0 mode 2
Event: 58.783 Thread 0x0000023d7c2fa230 Uncommon trap: trap_request=0xffffff45 fr.pc=0x0000023d07fb70c4 relative=0x00000000000000a4
Event: 58.783 Thread 0x0000023d7c2fa230 Uncommon trap: reason=unstable_if action=reinterpret pc=0x0000023d07fb70c4 method=org.apache.maven.model.io.xpp3.MavenXpp3Reader.nextTag(Lorg/codehaus/plexus/util/xml/pull/XmlPullParser;)I @ 9 c2
Event: 58.783 Thread 0x0000023d7c2fa230 DEOPT PACKING pc=0x0000023d07fb70c4 sp=0x000000883cefdd10
Event: 58.783 Thread 0x0000023d7c2fa230 DEOPT UNPACKING pc=0x0000023d07589ea3 sp=0x000000883cefdca0 mode 2
Event: 58.823 Thread 0x0000023d7c2fa230 DEOPT PACKING pc=0x0000023d000eb71d sp=0x000000883cefdc60
Event: 58.823 Thread 0x0000023d7c2fa230 DEOPT UNPACKING pc=0x0000023d0758a9e3 sp=0x000000883cefd168 mode 0
Event: 58.857 Thread 0x0000023d7a897420 DEOPT PACKING pc=0x0000023d0086101f sp=0x000000883c4fdc00
Event: 58.857 Thread 0x0000023d7a897420 DEOPT UNPACKING pc=0x0000023d0758a9e3 sp=0x000000883c4fd180 mode 0
Event: 58.876 Thread 0x0000023d7c2f88e0 DEOPT PACKING pc=0x0000023d000eb71d sp=0x000000883ccfe160
Event: 58.876 Thread 0x0000023d7c2f88e0 DEOPT UNPACKING pc=0x0000023d0758a9e3 sp=0x000000883ccfd668 mode 0
Event: 58.894 Thread 0x0000023d7a897420 DEOPT PACKING pc=0x0000023d0086101f sp=0x000000883c4fdc00
Event: 58.894 Thread 0x0000023d7a897420 DEOPT UNPACKING pc=0x0000023d0758a9e3 sp=0x000000883c4fd180 mode 0
Event: 58.907 Thread 0x0000023d7a897420 DEOPT PACKING pc=0x0000023d0086101f sp=0x000000883c4fdc00
Event: 58.907 Thread 0x0000023d7a897420 DEOPT UNPACKING pc=0x0000023d0758a9e3 sp=0x000000883c4fd180 mode 0
Event: 58.966 Thread 0x0000023d7a897420 DEOPT PACKING pc=0x0000023d0086101f sp=0x000000883c4fdc00
Event: 58.966 Thread 0x0000023d7a897420 DEOPT UNPACKING pc=0x0000023d0758a9e3 sp=0x000000883c4fd180 mode 0
Event: 58.991 Thread 0x0000023d7a897420 DEOPT PACKING pc=0x0000023d0086101f sp=0x000000883c4fdc00
Event: 58.991 Thread 0x0000023d7a897420 DEOPT UNPACKING pc=0x0000023d0758a9e3 sp=0x000000883c4fd180 mode 0

Classes loaded (20 events):
Event: 46.581 Loading class java/util/Vector$1
Event: 46.581 Loading class java/util/Vector$1 done
Event: 47.578 Loading class java/util/regex/Pattern$Caret
Event: 47.578 Loading class java/util/regex/Pattern$Caret done
Event: 47.760 Loading class java/util/Hashtable$ValueCollection
Event: 47.760 Loading class java/util/Hashtable$ValueCollection done
Event: 50.804 Loading class java/lang/Class$EnclosingMethodInfo
Event: 50.804 Loading class java/lang/Class$EnclosingMethodInfo done
Event: 51.395 Loading class java/util/stream/ReduceOps$4
Event: 51.395 Loading class java/util/stream/ReduceOps$4 done
Event: 51.399 Loading class java/util/stream/ReduceOps$4ReducingSink
Event: 51.401 Loading class java/util/stream/ReduceOps$4ReducingSink done
Event: 51.452 Loading class java/util/concurrent/ForkJoinTask$AdaptedCallable
Event: 51.452 Loading class java/util/concurrent/ForkJoinTask$AdaptedCallable done
Event: 51.453 Loading class java/util/concurrent/CountedCompleter
Event: 51.456 Loading class java/util/concurrent/CountedCompleter done
Event: 58.239 Loading class java/util/stream/ReduceOps$2
Event: 58.239 Loading class java/util/stream/ReduceOps$2 done
Event: 58.239 Loading class java/util/stream/ReduceOps$2ReducingSink
Event: 58.239 Loading class java/util/stream/ReduceOps$2ReducingSink done

Classes unloaded (18 events):
Event: 30.827 Thread 0x0000023d78b014b0 Unloading class 0x000000010024a400 'java/lang/invoke/LambdaForm$MH+0x000000010024a400'
Event: 30.827 Thread 0x0000023d78b014b0 Unloading class 0x000000010024a000 'java/lang/invoke/LambdaForm$MH+0x000000010024a000'
Event: 30.827 Thread 0x0000023d78b014b0 Unloading class 0x0000000100249c00 'java/lang/invoke/LambdaForm$MH+0x0000000100249c00'
Event: 30.827 Thread 0x0000023d78b014b0 Unloading class 0x0000000100249800 'java/lang/invoke/LambdaForm$MH+0x0000000100249800'
Event: 30.827 Thread 0x0000023d78b014b0 Unloading class 0x0000000100249400 'java/lang/invoke/LambdaForm$BMH+0x0000000100249400'
Event: 30.827 Thread 0x0000023d78b014b0 Unloading class 0x0000000100249000 'java/lang/invoke/LambdaForm$DMH+0x0000000100249000'
Event: 30.827 Thread 0x0000023d78b014b0 Unloading class 0x0000000100244400 'java/lang/invoke/LambdaForm$DMH+0x0000000100244400'
Event: 45.745 Thread 0x0000023d78b014b0 Unloading class 0x0000000100614c00 'jdk/internal/reflect/GeneratedSerializationConstructorAccessor31'
Event: 45.745 Thread 0x0000023d78b014b0 Unloading class 0x0000000100614000 'jdk/internal/reflect/GeneratedSerializationConstructorAccessor29'
Event: 45.745 Thread 0x0000023d78b014b0 Unloading class 0x0000000100611c00 'jdk/internal/reflect/GeneratedSerializationConstructorAccessor27'
Event: 45.745 Thread 0x0000023d78b014b0 Unloading class 0x0000000100611000 'jdk/internal/reflect/GeneratedSerializationConstructorAccessor25'
Event: 45.745 Thread 0x0000023d78b014b0 Unloading class 0x00000001005f8000 'java/lang/invoke/LambdaForm$DMH+0x00000001005f8000'
Event: 57.073 Thread 0x0000023d78b014b0 Unloading class 0x0000000100738800 'java/lang/invoke/LambdaForm$MH+0x0000000100738800'
Event: 57.073 Thread 0x0000023d78b014b0 Unloading class 0x0000000100738000 'java/lang/invoke/LambdaForm$MH+0x0000000100738000'
Event: 57.073 Thread 0x0000023d78b014b0 Unloading class 0x0000000100738400 'java/lang/invoke/LambdaForm$MH+0x0000000100738400'
Event: 57.073 Thread 0x0000023d78b014b0 Unloading class 0x0000000100731800 'java/lang/invoke/LambdaForm$DMH+0x0000000100731800'
Event: 57.073 Thread 0x0000023d78b014b0 Unloading class 0x0000000100731400 'java/lang/invoke/LambdaForm$DMH+0x0000000100731400'
Event: 57.073 Thread 0x0000023d78b014b0 Unloading class 0x0000000100730c00 'java/lang/invoke/LambdaForm$DMH+0x0000000100730c00'

Classes redefined (0 events):
No events

Internal exceptions (20 events):
Event: 49.000 Thread 0x0000023d7a89a1b0 Exception <a 'sun/nio/fs/WindowsException'{0x00000000eb07a038}> (0x00000000eb07a038) 
thrown [s\src\hotspot\share\prims\jni.cpp, line 516]
Event: 50.289 Thread 0x0000023d7a89b0e0 Exception <a 'java/lang/IncompatibleClassChangeError'{0x00000000eb9a14b8}: Found class java.lang.Object, but interface was expected> (0x00000000eb9a14b8) 
thrown [s\src\hotspot\share\interpreter\linkResolver.cpp, line 826]
Event: 50.749 Thread 0x0000023d7a89a1b0 Exception <a 'sun/nio/fs/WindowsException'{0x00000000eb69e888}> (0x00000000eb69e888) 
thrown [s\src\hotspot\share\prims\jni.cpp, line 516]
Event: 51.317 Thread 0x0000023d7a89b0e0 Exception <a 'java/lang/NoSuchMethodError'{0x00000000eb6b5550}: 'int java.lang.invoke.DirectMethodHandle$Holder.invokeStatic(java.lang.Object, java.lang.Object, java.lang.Object, int)'> (0x00000000eb6b5550) 
thrown [s\src\hotspot\share\interpreter\linkResolver.cpp, line 759]
Event: 51.416 Thread 0x0000023d7a89b0e0 Exception <a 'java/lang/NoSuchMethodError'{0x00000000eb043ba8}: 'int java.lang.invoke.DirectMethodHandle$Holder.invokeSpecialIFC(java.lang.Object, java.lang.Object, java.lang.Object)'> (0x00000000eb043ba8) 
thrown [s\src\hotspot\share\interpreter\linkResolver.cpp, line 759]
Event: 51.449 Thread 0x0000023d7a89b0e0 Exception <a 'java/io/FileNotFoundException'{0x00000000eadcf440}> (0x00000000eadcf440) 
thrown [s\src\hotspot\share\prims\jni.cpp, line 516]
Event: 51.450 Thread 0x0000023d7a89b0e0 Exception <a 'java/io/FileNotFoundException'{0x00000000eadd06e8}> (0x00000000eadd06e8) 
thrown [s\src\hotspot\share\prims\jni.cpp, line 516]
Event: 51.881 Thread 0x0000023d7a89b0e0 Exception <a 'java/lang/NoSuchMethodError'{0x00000000ead71158}: 'int java.lang.invoke.DirectMethodHandle$Holder.invokeStatic(java.lang.Object, int, java.lang.Object)'> (0x00000000ead71158) 
thrown [s\src\hotspot\share\interpreter\linkResolver.cpp, line 759]
Event: 51.984 Thread 0x0000023d7a89b0e0 Exception <a 'java/io/FileNotFoundException'{0x00000000eb1f4358}> (0x00000000eb1f4358) 
thrown [s\src\hotspot\share\prims\jni.cpp, line 516]
Event: 51.984 Thread 0x0000023d7a89b0e0 Exception <a 'java/io/FileNotFoundException'{0x00000000eb1f5448}> (0x00000000eb1f5448) 
thrown [s\src\hotspot\share\prims\jni.cpp, line 516]
Event: 51.987 Thread 0x0000023d7a89b0e0 Exception <a 'java/io/FileNotFoundException'{0x00000000eb1f61c0}> (0x00000000eb1f61c0) 
thrown [s\src\hotspot\share\prims\jni.cpp, line 516]
Event: 52.938 Thread 0x0000023d7a895fe0 Implicit null exception at 0x0000023d07f25874 to 0x0000023d07f2a404
Event: 54.202 Thread 0x0000023d7a89a1b0 Exception <a 'sun/nio/fs/WindowsException'{0x00000000eac31588}> (0x00000000eac31588) 
thrown [s\src\hotspot\share\prims\jni.cpp, line 516]
Event: 54.202 Thread 0x0000023d7a89a1b0 Exception <a 'sun/nio/fs/WindowsException'{0x00000000eac3bd70}> (0x00000000eac3bd70) 
thrown [s\src\hotspot\share\prims\jni.cpp, line 516]
Event: 56.696 Thread 0x0000023d7a281a60 Exception <a 'java/lang/NoSuchMethodError'{0x00000000eb0d5bd8}: 'void java.lang.invoke.DirectMethodHandle$Holder.invokeInterface(java.lang.Object, java.lang.Object)'> (0x00000000eb0d5bd8) 
thrown [s\src\hotspot\share\interpreter\linkResolver.cpp, line 759]
Event: 56.709 Thread 0x0000023d7a281a60 Exception <a 'java/lang/NoSuchMethodError'{0x00000000eabfc1a0}: 'java.lang.Object java.lang.invoke.DirectMethodHandle$Holder.newInvokeSpecial(java.lang.Object, java.lang.Object, java.lang.Object, java.lang.Object, java.lang.Object, java.lang.Object)'> (0x00000000eabfc1a0) 
thrown [s\src\hotspot\share\interpreter\linkResolver.cpp, line 759]
Event: 56.716 Thread 0x0000023d7c2f88e0 Exception <a 'java/lang/NoSuchMethodError'{0x00000000eae155a8}: 'java.lang.Object java.lang.invoke.Invokers$Holder.linkToTargetMethod(java.lang.Object, java.lang.Object, java.lang.Object, java.lang.Object, java.lang.Object, java.lang.Object, java.lang.Object)'> (0x00000000eae155a8) 
thrown [s\src\hotspot\share\interpreter\linkResolver.cpp, line 759]
Event: 56.716 Thread 0x0000023d7c2fd4d0 Exception <a 'java/lang/NoSuchMethodError'{0x00000000eae22f48}: 'java.lang.Object java.lang.invoke.Invokers$Holder.linkToTargetMethod(java.lang.Object, java.lang.Object, java.lang.Object, java.lang.Object, java.lang.Object, java.lang.Object, java.lang.Object)'> (0x00000000eae22f48) 
thrown [s\src\hotspot\share\interpreter\linkResolver.cpp, line 759]
Event: 56.716 Thread 0x0000023d7c2fac50 Exception <a 'java/lang/NoSuchMethodError'{0x00000000eae07fd8}: 'java.lang.Object java.lang.invoke.Invokers$Holder.linkToTargetMethod(java.lang.Object, java.lang.Object, java.lang.Object, java.lang.Object, java.lang.Object, java.lang.Object, java.lang.Object)'> (0x00000000eae07fd8) 
thrown [s\src\hotspot\share\interpreter\linkResolver.cpp, line 759]
Event: 56.716 Thread 0x0000023d7c2f9810 Exception <a 'java/lang/NoSuchMethodError'{0x00000000eadd61e8}: 'java.lang.Object java.lang.invoke.Invokers$Holder.linkToTargetMethod(java.lang.Object, java.lang.Object, java.lang.Object, java.lang.Object, java.lang.Object, java.lang.Object, java.lang.Object)'> (0x00000000eadd61e8) 
thrown [s\src\hotspot\share\interpreter\linkResolver.cpp, line 759]

VM Operations (20 events):
Event: 58.674 Executing VM operation: ParallelGCFailedAllocation
Event: 58.717 Executing VM operation: ParallelGCFailedAllocation done
Event: 58.746 Executing VM operation: ParallelGCFailedAllocation
Event: 58.753 Executing VM operation: ParallelGCFailedAllocation done
Event: 58.796 Executing VM operation: HandshakeAllThreads
Event: 58.797 Executing VM operation: HandshakeAllThreads done
Event: 58.820 Executing VM operation: HandshakeAllThreads
Event: 58.820 Executing VM operation: HandshakeAllThreads done
Event: 58.837 Executing VM operation: ParallelGCFailedAllocation
Event: 58.840 Executing VM operation: ParallelGCFailedAllocation done
Event: 58.868 Executing VM operation: HandshakeAllThreads
Event: 58.881 Executing VM operation: HandshakeAllThreads done
Event: 58.881 Executing VM operation: ParallelGCFailedAllocation
Event: 58.886 Executing VM operation: ParallelGCFailedAllocation done
Event: 58.910 Executing VM operation: ParallelGCFailedAllocation
Event: 58.914 Executing VM operation: ParallelGCFailedAllocation done
Event: 58.971 Executing VM operation: ParallelGCFailedAllocation
Event: 58.976 Executing VM operation: ParallelGCFailedAllocation done
Event: 58.997 Executing VM operation: ParallelGCFailedAllocation
Event: 59.000 Executing VM operation: ParallelGCFailedAllocation done

Events (20 events):
Event: 52.097 Thread 0x0000023d78b31d30 flushing nmethod 0x0000023d00f07310
Event: 52.097 Thread 0x0000023d78b31d30 flushing nmethod 0x0000023d00f0bb90
Event: 52.097 Thread 0x0000023d78b31d30 flushing nmethod 0x0000023d00f10690
Event: 52.097 Thread 0x0000023d78b31d30 flushing nmethod 0x0000023d00f15710
Event: 52.097 Thread 0x0000023d78b31d30 flushing nmethod 0x0000023d00f2c310
Event: 52.097 Thread 0x0000023d78b31d30 flushing nmethod 0x0000023d00f3d910
Event: 52.097 Thread 0x0000023d78b31d30 flushing nmethod 0x0000023d00f62890
Event: 52.097 Thread 0x0000023d78b31d30 flushing nmethod 0x0000023d00fa3990
Event: 52.097 Thread 0x0000023d78b31d30 flushing nmethod 0x0000023d00fa4a10
Event: 52.097 Thread 0x0000023d78b31d30 flushing nmethod 0x0000023d00fa4d90
Event: 52.097 Thread 0x0000023d78b31d30 flushing nmethod 0x0000023d00fa5290
Event: 52.097 Thread 0x0000023d78b31d30 flushing nmethod 0x0000023d00fa5990
Event: 52.097 Thread 0x0000023d78b31d30 flushing nmethod 0x0000023d00fb5090
Event: 52.097 Thread 0x0000023d78b31d30 flushing nmethod 0x0000023d00fb5790
Event: 56.713 Thread 0x0000023d7c2fac50 Thread added: 0x0000023d7c2fac50
Event: 56.713 Thread 0x0000023d7c2f9810 Thread added: 0x0000023d7c2f9810
Event: 56.713 Thread 0x0000023d7c2f88e0 Thread added: 0x0000023d7c2f88e0
Event: 56.713 Thread 0x0000023d7c2fd4d0 Thread added: 0x0000023d7c2fd4d0
Event: 56.713 Thread 0x0000023d7c2fa230 Thread added: 0x0000023d7c2fa230
Event: 58.757 Thread 0x0000023d7c2f6060 Thread added: 0x0000023d7c2f6060


Dynamic libraries:
0x00007ff606500000 - 0x00007ff60650e000 	c:\Users\merlince\.vscode\extensions\redhat.java-1.34.0-win32-x64\jre\17.0.12-win32-x86_64\bin\java.exe
0x00007fffa7df0000 - 0x00007fffa8007000 	C:\WINDOWS\SYSTEM32\ntdll.dll
0x00007fffa6810000 - 0x00007fffa68d4000 	C:\WINDOWS\System32\KERNEL32.DLL
0x00007fffa54e0000 - 0x00007fffa588d000 	C:\WINDOWS\System32\KERNELBASE.dll
0x00007fffa5190000 - 0x00007fffa52a1000 	C:\WINDOWS\System32\ucrtbase.dll
0x00007fff8fd30000 - 0x00007fff8fd47000 	c:\Users\merlince\.vscode\extensions\redhat.java-1.34.0-win32-x64\jre\17.0.12-win32-x86_64\bin\jli.dll
0x00007fffa5c50000 - 0x00007fffa5dfe000 	C:\WINDOWS\System32\USER32.dll
0x00007fffa5890000 - 0x00007fffa58b6000 	C:\WINDOWS\System32\win32u.dll
0x00007fffa5c20000 - 0x00007fffa5c49000 	C:\WINDOWS\System32\GDI32.dll
0x00007fffa53c0000 - 0x00007fffa54d9000 	C:\WINDOWS\System32\gdi32full.dll
0x00007fffa5320000 - 0x00007fffa53ba000 	C:\WINDOWS\System32\msvcp_win.dll
0x00007fff8f970000 - 0x00007fff8f98b000 	c:\Users\merlince\.vscode\extensions\redhat.java-1.34.0-win32-x64\jre\17.0.12-win32-x86_64\bin\VCRUNTIME140.dll
0x00007fff73640000 - 0x00007fff738d3000 	C:\WINDOWS\WinSxS\amd64_microsoft.windows.common-controls_6595b64144ccf1df_6.0.22621.3672_none_2713b9d173822955\COMCTL32.dll
0x00007fffa6f80000 - 0x00007fffa7027000 	C:\WINDOWS\System32\msvcrt.dll
0x00007fffa6650000 - 0x00007fffa6681000 	C:\WINDOWS\System32\IMM32.DLL
0x00007fff9fcc0000 - 0x00007fff9fccc000 	c:\Users\merlince\.vscode\extensions\redhat.java-1.34.0-win32-x64\jre\17.0.12-win32-x86_64\bin\vcruntime140_1.dll
0x00007fff8cae0000 - 0x00007fff8cb6d000 	c:\Users\merlince\.vscode\extensions\redhat.java-1.34.0-win32-x64\jre\17.0.12-win32-x86_64\bin\msvcp140.dll
0x00007fff0aee0000 - 0x00007fff0bb4a000 	c:\Users\merlince\.vscode\extensions\redhat.java-1.34.0-win32-x64\jre\17.0.12-win32-x86_64\bin\server\jvm.dll
0x00007fffa7cf0000 - 0x00007fffa7da2000 	C:\WINDOWS\System32\ADVAPI32.dll
0x00007fffa60a0000 - 0x00007fffa6149000 	C:\WINDOWS\System32\sechost.dll
0x00007fffa5af0000 - 0x00007fffa5b18000 	C:\WINDOWS\System32\bcrypt.dll
0x00007fffa7bd0000 - 0x00007fffa7ce4000 	C:\WINDOWS\System32\RPCRT4.dll
0x00007fffa61d0000 - 0x00007fffa6241000 	C:\WINDOWS\System32\WS2_32.dll
0x00007fffa4e30000 - 0x00007fffa4e7d000 	C:\WINDOWS\SYSTEM32\POWRPROF.dll
0x00007fffa2cb0000 - 0x00007fffa2ce4000 	C:\WINDOWS\SYSTEM32\WINMM.dll
0x00007fff93280000 - 0x00007fff9328a000 	C:\WINDOWS\SYSTEM32\VERSION.dll
0x00007fffa4e10000 - 0x00007fffa4e23000 	C:\WINDOWS\SYSTEM32\UMPDC.dll
0x00007fffa40c0000 - 0x00007fffa40d8000 	C:\WINDOWS\SYSTEM32\kernel.appcore.dll
0x00007fff923a0000 - 0x00007fff923aa000 	c:\Users\merlince\.vscode\extensions\redhat.java-1.34.0-win32-x64\jre\17.0.12-win32-x86_64\bin\jimage.dll
0x00007fffa2700000 - 0x00007fffa2932000 	C:\WINDOWS\SYSTEM32\DBGHELP.DLL
0x00007fffa6250000 - 0x00007fffa65de000 	C:\WINDOWS\System32\combase.dll
0x00007fffa66b0000 - 0x00007fffa6787000 	C:\WINDOWS\System32\OLEAUT32.dll
0x00007fff92030000 - 0x00007fff92062000 	C:\WINDOWS\SYSTEM32\dbgcore.DLL
0x00007fffa5110000 - 0x00007fffa518b000 	C:\WINDOWS\System32\bcryptPrimitives.dll
0x00007fff91dc0000 - 0x00007fff91dce000 	c:\Users\merlince\.vscode\extensions\redhat.java-1.34.0-win32-x64\jre\17.0.12-win32-x86_64\bin\instrument.dll
0x00007fff8cc10000 - 0x00007fff8cc35000 	c:\Users\merlince\.vscode\extensions\redhat.java-1.34.0-win32-x64\jre\17.0.12-win32-x86_64\bin\java.dll
0x00007fff8f850000 - 0x00007fff8f868000 	c:\Users\merlince\.vscode\extensions\redhat.java-1.34.0-win32-x64\jre\17.0.12-win32-x86_64\bin\zip.dll
0x00007fffa7030000 - 0x00007fffa7897000 	C:\WINDOWS\System32\SHELL32.dll
0x00007fffa3040000 - 0x00007fffa393f000 	C:\WINDOWS\SYSTEM32\windows.storage.dll
0x00007fffa2f00000 - 0x00007fffa303f000 	C:\WINDOWS\SYSTEM32\wintypes.dll
0x00007fffa5fa0000 - 0x00007fffa6099000 	C:\WINDOWS\System32\SHCORE.dll
0x00007fffa68e0000 - 0x00007fffa693e000 	C:\WINDOWS\System32\shlwapi.dll
0x00007fffa5040000 - 0x00007fffa5067000 	C:\WINDOWS\SYSTEM32\profapi.dll
0x00007fff8cbf0000 - 0x00007fff8cc09000 	C:\Users\merlince\.vscode\extensions\redhat.java-1.34.0-win32-x64\jre\17.0.12-win32-x86_64\bin\net.dll
0x00007fff9e330000 - 0x00007fff9e466000 	C:\WINDOWS\SYSTEM32\WINHTTP.dll
0x00007fffa4590000 - 0x00007fffa45f9000 	C:\WINDOWS\system32\mswsock.dll
0x00007fff8cbd0000 - 0x00007fff8cbe6000 	C:\Users\merlince\.vscode\extensions\redhat.java-1.34.0-win32-x64\jre\17.0.12-win32-x86_64\bin\nio.dll
0x00007fff90670000 - 0x00007fff90680000 	c:\Users\merlince\.vscode\extensions\redhat.java-1.34.0-win32-x64\jre\17.0.12-win32-x86_64\bin\verify.dll
0x00007fff59950000 - 0x00007fff59995000 	C:\Users\merlince\AppData\Roaming\Code\User\globalStorage\redhat.java\1.34.0\config_win\org.eclipse.equinox.launcher\org.eclipse.equinox.launcher.win32.win32.x86_64_1.2.1100.v20240722-2106\eclipse_11904.dll
0x00007fffa6940000 - 0x00007fffa6ae5000 	C:\WINDOWS\System32\ole32.dll
0x00007fffa47c0000 - 0x00007fffa47db000 	C:\WINDOWS\SYSTEM32\CRYPTSP.dll
0x00007fffa4080000 - 0x00007fffa40b5000 	C:\WINDOWS\system32\rsaenh.dll
0x00007fffa4650000 - 0x00007fffa4678000 	C:\WINDOWS\SYSTEM32\USERENV.dll
0x00007fffa47e0000 - 0x00007fffa47ec000 	C:\WINDOWS\SYSTEM32\CRYPTBASE.dll
0x00007fffa3b90000 - 0x00007fffa3bbd000 	C:\WINDOWS\SYSTEM32\IPHLPAPI.DLL
0x00007fffa6170000 - 0x00007fffa6179000 	C:\WINDOWS\System32\NSI.dll
0x00007fff9d7d0000 - 0x00007fff9d7e9000 	C:\WINDOWS\SYSTEM32\dhcpcsvc6.DLL
0x00007fff9d710000 - 0x00007fff9d72f000 	C:\WINDOWS\SYSTEM32\dhcpcsvc.DLL
0x00007fffa3bc0000 - 0x00007fffa3cb8000 	C:\WINDOWS\SYSTEM32\DNSAPI.dll
0x00007fff6b530000 - 0x00007fff6b575000 	C:\Users\merlince\AppData\Local\Temp\jna--496942823\jna16257930836579190244.dll
0x00007fffa65e0000 - 0x00007fffa65e8000 	C:\WINDOWS\System32\PSAPI.DLL

dbghelp: loaded successfully - version: 4.0.5 - missing functions: none
symbol engine: initialized successfully - sym options: 0x614 - pdb path: .;c:\Users\merlince\.vscode\extensions\redhat.java-1.34.0-win32-x64\jre\17.0.12-win32-x86_64\bin;C:\WINDOWS\SYSTEM32;C:\WINDOWS\WinSxS\amd64_microsoft.windows.common-controls_6595b64144ccf1df_6.0.22621.3672_none_2713b9d173822955;c:\Users\merlince\.vscode\extensions\redhat.java-1.34.0-win32-x64\jre\17.0.12-win32-x86_64\bin\server;C:\Users\merlince\AppData\Roaming\Code\User\globalStorage\redhat.java\1.34.0\config_win\org.eclipse.equinox.launcher\org.eclipse.equinox.launcher.win32.win32.x86_64_1.2.1100.v20240722-2106;C:\Users\merlince\AppData\Local\Temp\jna--496942823

VM Arguments:
jvm_args: --add-modules=ALL-SYSTEM --add-opens=java.base/java.util=ALL-UNNAMED --add-opens=java.base/java.lang=ALL-UNNAMED --add-opens=java.base/sun.nio.fs=ALL-UNNAMED -Declipse.application=org.eclipse.jdt.ls.core.id1 -Dosgi.bundles.defaultStartLevel=4 -Declipse.product=org.eclipse.jdt.ls.core.product -Djava.import.generatesMetadataFilesAtProjectRoot=false -DDetectVMInstallationsJob.disabled=true -Dfile.encoding=utf8 -XX:+UseParallelGC -XX:GCTimeRatio=4 -XX:AdaptiveSizePolicyWeight=90 -Dsun.zip.disableMemoryMapping=true -Xmx1G -Xms100m -Xlog:disable -javaagent:c:\Users\merlince\.vscode\extensions\redhat.java-1.34.0-win32-x64\lombok\lombok-1.18.33.jar -XX:+HeapDumpOnOutOfMemoryError -XX:HeapDumpPath=c:\Users\merlince\AppData\Roaming\Code\User\workspaceStorage\a0344694cc56c3b06597aea716215108\redhat.java -Daether.dependencyCollector.impl=bf 
java_command: c:\Users\merlince\.vscode\extensions\redhat.java-1.34.0-win32-x64\server\plugins\org.eclipse.equinox.launcher_1.6.900.v20240613-2009.jar -configuration c:\Users\merlince\AppData\Roaming\Code\User\globalStorage\redhat.java\1.34.0\config_win -data c:\Users\merlince\AppData\Roaming\Code\User\workspaceStorage\a0344694cc56c3b06597aea716215108\redhat.java\jdt_ws --pipe=\\.\pipe\lsp-4d4cef534b6b90d14d317dd13f42ce87-sock
java_class_path (initial): c:\Users\merlince\.vscode\extensions\redhat.java-1.34.0-win32-x64\server\plugins\org.eclipse.equinox.launcher_1.6.900.v20240613-2009.jar
Launcher Type: SUN_STANDARD

[Global flags]
    uintx AdaptiveSizePolicyWeight                 = 90                                        {product} {command line}
     intx CICompilerCount                          = 4                                         {product} {ergonomic}
    uintx GCTimeRatio                              = 4                                         {product} {command line}
     bool HeapDumpOnOutOfMemoryError               = true                                   {manageable} {command line}
    ccstr HeapDumpPath                             = c:\Users\merlince\AppData\Roaming\Code\User\workspaceStorage\a0344694cc56c3b06597aea716215108\redhat.java         {manageable} {command line}
   size_t InitialHeapSize                          = 104857600                                 {product} {command line}
   size_t MaxHeapSize                              = 1073741824                                {product} {command line}
   size_t MaxNewSize                               = 357564416                                 {product} {ergonomic}
   size_t MinHeapDeltaBytes                        = 524288                                    {product} {ergonomic}
   size_t MinHeapSize                              = 104857600                                 {product} {command line}
   size_t NewSize                                  = 34603008                                  {product} {ergonomic}
    uintx NonNMethodCodeHeapSize                   = 5839372                                {pd product} {ergonomic}
    uintx NonProfiledCodeHeapSize                  = 122909434                              {pd product} {ergonomic}
   size_t OldSize                                  = 70254592                                  {product} {ergonomic}
    uintx ProfiledCodeHeapSize                     = 122909434                              {pd product} {ergonomic}
    uintx ReservedCodeCacheSize                    = 251658240                              {pd product} {ergonomic}
     bool SegmentedCodeCache                       = true                                      {product} {ergonomic}
   size_t SoftMaxHeapSize                          = 1073741824                             {manageable} {ergonomic}
     bool UseCompressedClassPointers               = true                           {product lp64_product} {ergonomic}
     bool UseCompressedOops                        = true                           {product lp64_product} {ergonomic}
     bool UseLargePagesIndividualAllocation        = false                                  {pd product} {ergonomic}
     bool UseParallelGC                            = true                                      {product} {command line}

Logging:
Log output configuration:
 #0: stdout all=off uptime,level,tags
 #1: stderr all=off uptime,level,tags

Environment Variables:
PATH=C:\Program Files\PowerShell\7;C:\Program Files\Alacritty\;C:\Program Files\Eclipse Adoptium\jdk-21.0.1.12-hotspot\bin;D:\somethingIdroppedin\Oracle 9i Application Server Client\Oracle 9i Application Server Client\Disk1\install\bin;C:\Program Files (x86)\Oracle\jre\1.1.7\bin;D:\app\client\merlince\product\12.1.0\client_1\bin;C:\Program Files\Common Files\Oracle\Java\javapath;C:\Windows\System32\HWAudioDriverLibs;C:\Windows\system32;C:\Windows;C:\Windows\System32\Wbem;C:\Windows\System32\WindowsPowerShell\v1.0\;C:\Windows\System32\OpenSSH\;C:\Users\Administrator\AppData\Local\Microsoft\WindowsApps;C:\WINDOWS\system32;C:\WINDOWS;C:\WINDOWS\System32\Wbem;C:\WINDOWS\System32\WindowsPowerShell\v1.0\;C:\WINDOWS\System32\OpenSSH\;C:\Program Files\dotnet\;D:\somethingIdroppedin\apache-maven-3.9.6\bin;C:\Program Files\Git\cmd;C:\Program Files\Go\bin;C:\Users\merlince\AppData\Roaming\nvm;C:\Program Files\nodejs;C:\ProgramData\chocolatey\bin;C:\xampp\php;C:\composer;C:\Program Files (x86)\Lua\5.1;C:\Program Files (x86)\Lua\5.1\clibs;C:\Program Files (x86)\Yarn\bin\;C:\Program Files\CMake\bin;C:\Program Files (x86)\Go\bin;C:\Program Files\PostgreSQL\16\bin;C:\Program Files (x86)\Google\Cloud SDK\google-cloud-sdk\bin;C:\ProgramData\chocolatey\lib\maven\apache-maven-3.9.7\bin;;C:\Program Files\PowerShell\7\;C:\Program Files\Docker\Docker\resources\bin;C:\Users\merlince\scoop\shims;C:\Program Files\MySQL\MySQL Shell 8.3\bin\;C:\Users\merlince\AppData\Local\Programs\Python\Python310\Scripts\;C:\Users\merlince\AppData\Local\Programs\Python\Python310\;C:\Users\merlince\AppData\Local\Microsoft\WindowsApps;C:\Users\merlince\AppData\Local\Programs\Microsoft VS Code\bin;C:\msys64\mingw64\bin;C:\Program Files\JetBrains\IntelliJ IDEA Community Edition 2022.3.3\bin;C:\Users\merlince\AppData\Roaming\npm;C:\Users\merlince\AppData\Local\Coursier\data\bin;C:\Users\merlince\go\bin;C:\Users\merlince\AppData\Roaming\nvm;C:\Program Files\nodejs;C:\Users\merlince\PhpStorm 2023.3.4\bin;;C:\Users\mer
USERNAME=merlince
OS=Windows_NT
PROCESSOR_IDENTIFIER=Intel64 Family 6 Model 140 Stepping 1, GenuineIntel
TMP=C:\Users\merlince\AppData\Local\Temp
TEMP=C:\Users\merlince\AppData\Local\Temp



Periodic native trim disabled


---------------  S Y S T E M  ---------------

OS:
 Windows 11 , 64 bit Build 22621 (10.0.22621.3958)
OS uptime: 6 days 15:07 hours
Hyper-V role detected

CPU: total 8 (initial active 8) (4 cores per cpu, 2 threads per core) family 6 model 140 stepping 1 microcode 0x8a, cx8, cmov, fxsr, ht, mmx, 3dnowpref, sse, sse2, sse3, ssse3, sse4.1, sse4.2, popcnt, lzcnt, tsc, tscinvbit, avx, avx2, aes, erms, clmul, bmi1, bmi2, adx, avx512f, avx512dq, avx512cd, avx512bw, avx512vl, sha, fma, vzeroupper, avx512_vpopcntdq, avx512_vpclmulqdq, avx512_vaes, avx512_vnni, clflush, clflushopt, clwb, avx512_vbmi2, avx512_vbmi, hv
Processor Information for all 8 processors :
  Max Mhz: 2419, Current Mhz: 2419, Mhz Limit: 2419

Memory: 4k page, system-wide physical 7991M (88M free)
TotalPageFile size 32567M (AvailPageFile size 82M)
current process WorkingSet (physical memory assigned to process): 496M, peak: 497M
current process commit charge ("private bytes"): 554M, peak: 570M

vm_info: OpenJDK 64-Bit Server VM (17.0.12+7) for windows-amd64 JRE (17.0.12+7), built on Jul 16 2024 22:08:24 by "admin" with MS VC++ 16.10 / 16.11 (VS2019)

END.
